<?xml version="1.0" encoding="UTF-8"?>
<!-- Generated by org.testng.reporters.JUnitReportReporter -->
<testsuite hostname="DESKTOP-NUEBO0F" failures="0" tests="1" name="TestNG.testwebsite" time="26.485" errors="0" timestamp="2019-10-02T20:44:22 IST" skipped="0">
  <testcase classname="TestNG.testwebsite" name="webtest" time="26.485"/>
</testsuite> <!-- TestNG.testwebsite -->
